<?xml version="1.0" encoding="UTF-8"?>
<!-- Generated by org.testng.reporters.JUnitReportReporter -->
<testsuite skipped="0" hostname="fasoftwares-pc" name="GradleSeleniumTestNG.DemoTest" tests="1" failures="0" timestamp="29 Mar 2020 09:25:51 GMT" time="3.382" errors="0">
  <testcase name="test" time="3.382" classname="GradleSeleniumTestNG.DemoTest"/>
</testsuite> <!-- GradleSeleniumTestNG.DemoTest -->
