<?xml version="1.0" encoding="UTF-8"?>
<!-- Generated by org.testng.reporters.JUnitReportReporter -->
<testsuite skipped="0" hostname="fasoftwares-pc" name="GradleSeleniumTestNG.DemoTest" tests="1" failures="0" timestamp="27 Mar 2020 06:33:33 GMT" time="4.165" errors="0">
  <testcase name="test" time="4.165" classname="GradleSeleniumTestNG.DemoTest"/>
</testsuite> <!-- GradleSeleniumTestNG.DemoTest -->
